<?xml version="1.0" encoding="UTF-8"?>
<!-- Generated by org.testng.reporters.JUnitReportReporter -->
<testsuite hostname="Rajeshs-MacBook-Pro.local" failures="0" tests="5" name="com.framework.tests.OrangeHRMTest" time="6.065" errors="1" timestamp="2021-05-22T16:44:07 IST" skipped="4">
  <testcase classname="com.framework.tests.OrangeHRMTest" name="newTest" time="0.000">
    <skipped/>
  </testcase> <!-- newTest -->
  <system-out/>
  <testcase classname="com.framework.tests.OrangeHRMTest" name="setUp" time="6.065">
    <error message="Property name = URL is not found. Please check config.properties" type="java.lang.RuntimeException">
      <![CDATA[java.lang.RuntimeException: Property name = URL is not found. Please check config.properties
at com.framework.utils.ReadProperty.get(ReadProperty.java:26)
at com.framework.driver.Driver.initDriver(Driver.java:27)
at com.framework.tests.baseTest.setUp(baseTest.java:20)
at java.base/jdk.internal.reflect.NativeMethodAccessorImpl.invoke0(Native Method)
at java.base/jdk.internal.reflect.NativeMethodAccessorImpl.invoke(NativeMethodAccessorImpl.java:62)
at java.base/jdk.internal.reflect.DelegatingMethodAccessorImpl.invoke(DelegatingMethodAccessorImpl.java:43)
at java.base/java.lang.reflect.Method.invoke(Method.java:564)
at org.testng.internal.MethodInvocationHelper.invokeMethod(MethodInvocationHelper.java:134)
at org.testng.internal.MethodInvocationHelper.invokeMethodConsideringTimeout(MethodInvocationHelper.java:63)
at org.testng.internal.ConfigInvoker.invokeConfigurationMethod(ConfigInvoker.java:348)
at org.testng.internal.ConfigInvoker.invokeConfigurations(ConfigInvoker.java:302)
at org.testng.internal.TestInvoker.runConfigMethods(TestInvoker.java:695)
at org.testng.internal.TestInvoker.invokeMethod(TestInvoker.java:523)
at org.testng.internal.TestInvoker.invokeTestMethod(TestInvoker.java:173)
at org.testng.internal.MethodRunner.runInSequence(MethodRunner.java:46)
at org.testng.internal.TestInvoker$MethodInvocationAgent.invoke(TestInvoker.java:816)
at org.testng.internal.TestInvoker.invokeTestMethods(TestInvoker.java:146)
at org.testng.internal.TestMethodWorker.invokeTestMethods(TestMethodWorker.java:146)
at org.testng.internal.TestMethodWorker.run(TestMethodWorker.java:128)
at java.base/java.util.concurrent.ThreadPoolExecutor.runWorker(ThreadPoolExecutor.java:1130)
at java.base/java.util.concurrent.ThreadPoolExecutor$Worker.run(ThreadPoolExecutor.java:630)
at java.base/java.lang.Thread.run(Thread.java:832)
]]>
    </error>
  </testcase> <!-- setUp -->
  <system-out/>
  <testcase classname="com.framework.tests.OrangeHRMTest" name="loginTest" time="0.000">
    <skipped/>
  </testcase> <!-- loginTest -->
  <system-out/>
  <testcase classname="com.framework.tests.OrangeHRMTest" name="loginTest" time="0.000">
    <skipped/>
  </testcase> <!-- loginTest -->
  <system-out/>
  <testcase classname="com.framework.tests.OrangeHRMTest" name="newTest">
    <skipped/>
  </testcase> <!-- newTest -->
  <system-out/>
</testsuite> <!-- com.framework.tests.OrangeHRMTest -->
