<?xml version="1.0" encoding="UTF-8"?>
<!-- Generated by org.testng.reporters.JUnitReportReporter -->
<testsuite hostname="Rajeshs-MacBook-Pro.local" failures="0" tests="1" name="com.framework.tests.OrangeHRMTest" time="24.602" errors="0" timestamp="2021-05-12T22:04:58 IST" skipped="0">
  <testcase classname="com.framework.tests.OrangeHRMTest" name="loginTest" time="24.602"/>
  <system-out/>
</testsuite> <!-- com.framework.tests.OrangeHRMTest -->
