<?xml version="1.0" encoding="UTF-8"?>
<!-- Generated by org.testng.reporters.JUnitReportReporter -->
<testsuite hostname="Rajeshs-MacBook-Pro.local" failures="0" tests="2" name="com.framework.tests.OrangeHRMTest" time="43.267" errors="0" timestamp="2021-05-09T14:23:54 IST" skipped="0">
  <testcase classname="com.framework.tests.OrangeHRMTest" name="loginTest" time="21.764"/>
  <system-out/>
  <testcase classname="com.framework.tests.OrangeHRMTest" name="loginTest" time="21.503"/>
  <system-out/>
</testsuite> <!-- com.framework.tests.OrangeHRMTest -->
