<?xml version="1.0" encoding="UTF-8"?>
<!-- Generated by org.testng.reporters.JUnitReportReporter -->
<testsuite hostname="Rajeshs-MacBook-Pro.local" failures="0" tests="2" name="com.framework.tests.OrangeHRMTest" time="52.786" errors="0" timestamp="2021-05-09T21:48:16 IST" skipped="0">
  <testcase classname="com.framework.tests.OrangeHRMTest" name="loginTest" time="26.956"/>
  <system-out/>
  <testcase classname="com.framework.tests.OrangeHRMTest" name="loginTest" time="25.830"/>
  <system-out/>
</testsuite> <!-- com.framework.tests.OrangeHRMTest -->
